#- - - - - - - - - - - - - - - - - - - - - - - - - - -
#
# script: /home/jcruz/Desktop/mydata/0-CODE/phd_work_001/rmdetect/rmdetect_0.0.3/rmdetect.py
# parameters:
#	--data-path=.
#	--out=arich.out
#	arich_test.stk
#
# scan started at:     Sun Feb  6 11:39:04 2011
# scan ended at:       Sun Feb  6 11:39:38 2011
# total running time:  33 s
#- - - - - - - - - - - - - - - - - - - - - - - - - - -

# meta data:
##seq_file = arich_test.stk
##both_strands = NO
##sequences = 100
##tests_all = 706346
##tests_pairs = 47925
ARICH	1.0	AAAA02038625.1/7043-7174	0-132	1.68553E+01	1.00000E+00	1.97999E-02	52/135;97/226	GCAAG;UGAAUC	52;;;;/97;;;;;	135;;;;/226;;;;;	
ARICH	1.0	AAAC01000001.1/2701219-2701114	0-106	1.46641E+01	1.00000E+00	1.43011E-01	40/135;62/226	GCAAA;UGAAAC	40;;;;/62;;;;;	135;;;;/226;;;;;	
ARICH	1.0	AAAC01000001.1/2701219-2701114	0-106	1.22525E+01	1.00000E+00	6.68465E-03	40/135;63/227	GCAAA;G.AAAC	40;;;;/63;-;64;;;	135;;;;/227;-;228;;;	
ARICH	1.0	AAAP01003811.1/2962-2840	0-123	1.35349E+01	1.00000E+00	1.73922E-02	55/135;89/226	GAAAG;UGAAUC	55;;;;/89;;;;;	135;;;;/226;;;;;	
ARICH	1.0	AAAP01003811.1/3058-2963	0-96	1.78250E+01	1.00000E+00	9.85106E-02	50/135;63/227	GCAAC;G.AAAC	50;;;;/63;-;64;;;	135;;;;/227;-;228;;;	
ARICH	1.0	AAAW04000001.1/1416544-1416437	0-108	1.39594E+01	1.00000E+00	3.12080E-03	43/135;74/226	GAAAC;GGAAAC	43;;;;/74;;;;;	135;;;;/226;;;;;	
ARICH	1.0	AAAW04000004.1/233133-233043	0-91	1.45187E+01	1.00000E+00	3.17179E-03	39/135;58/227	GCAAG;C.AAUC	39;;;;/58;-;59;;;	135;;;;/227;-;228;;;	
ARICH	1.0	AAAW04000004.1/233133-233043	0-91	1.26192E+01	1.00000E+00	1.10478E-02	39/135;57/226	GCAAG;UCAAUC	39;;;;/57;;;;;	135;;;;/226;;;;;	
ARICH	1.0	AACJ01000012.1/32178-32068	0-111	1.09498E+01	1.00000E+00	1.00000E+00	49/135;77/226	GCAAA;UCAAAC	49;;;;/77;;;;;	135;;;;/226;;;;;	
ARICH	1.0	AACJ01000012.1/32178-32068	0-111	1.03790E+01	1.00000E+00	1.82368E-01	49/135;78/227	GCAAA;C.AAAC	49;;;;/78;-;79;;;	135;;;;/227;-;228;;;	
ARICH	1.0	AACV01025910.1/8217-8120	0-98	1.12192E+01	1.00000E+00	1.29915E-02	38/135;64/226	GCACG;UUAAAC	38;;;;/64;;;;;	135;;;;/226;;;;;	
ARICH	1.0	AACV01025910.1/8217-8120	0-98	9.87421E+00	1.00000E+00	1.55456E-03	38/135;65/227	GCACG;U.AAAC	38;;;;/65;-;66;;;	135;;;;/227;-;228;;;	
ARICH	1.0	AACV01025910.1/8298-8218	0-81	1.47761E+01	1.00000E+00	3.91097E-02	40/135;49/226	GCAAC;GUAAUC	40;;;;/49;;;;;	135;;;;/226;;;;;	
ARICH	1.0	AACV01025910.1/8298-8218	0-81	5.81615E+00	1.00000E+00	2.21786E-02	40/135;50/227	GCAAC;U.AAUC	40;;;;/50;-;51;;;	135;;;;/227;-;228;;;	
ARICH	1.0	AACV01029666.1/2494-2397	0-98	8.10476E+00	1.00000E+00	1.27827E-02	38/135;64/226	GCACG;CCAAAC	38;;;;/64;;;;;	135;;;;/226;;;;;	
ARICH	1.0	AACY020000249.1/706-790	0-85	1.81865E+01	1.00000E+00	4.45238E-02	40/135;52/226	GCAAC;G.AAAC	40;;;;/52;-;53;;;	135;;;;/226;-;228;;;	
ARICH	1.0	AACY020000249.1/706-790	0-85	6.91482E+00	1.00000E+00	8.38723E-03	52/226;25/46	GAAAC;A.AAAC	52;;;;/25;-;26;;;	226;228;;;/46;-;47;115;;	
ARICH	1.0	AACY020000249.1/791-878	0-88	1.15307E+01	1.00000E+00	1.95050E-03	39/135;55/227	GUAAG;C.AAUC	39;;;;/55;-;56;;;	135;;;;/227;-;228;;;	
ARICH	1.0	AACY020000249.1/791-878	0-88	8.36048E+00	1.00000E+00	7.24889E-03	39/135;54/226	GUAAG;UCAAUC	39;;;;/54;;;;;	135;;;;/226;;;;;	
ARICH	1.0	AACY020000584.1/1788-1877	0-90	1.77639E+01	1.00000E+00	4.90709E-02	44/135;55/226	GCAAC;GGAAAC	44;;;;/55;;;;;	135;;;;/226;;;;;	
ARICH	1.0	AACY020000584.1/1788-1877	0-90	1.73649E+01	1.00000E+00	3.06694E-02	44/135;56/227	GCAAC;G.AAAC	44;;;;/56;-;57;;;	135;;;;/227;-;228;;;	
ARICH	1.0	AACY020002599.1/182-269	0-88	1.76164E+01	1.00000E+00	1.98237E-03	44/135;55/226	GCAAC;GGAAAC	44;;;;/55;;;;;	135;;;;/226;;;;;	
ARICH	1.0	AACY020002599.1/182-269	0-88	1.73278E+01	1.00000E+00	1.25923E-03	44/135;56/227	GCAAC;G.AAAC	44;;;;/56;-;57;;;	135;;;;/227;-;228;;;	
ARICH	1.0	AACY020003459.1/1250-1165	0-86	1.72277E+01	1.00000E+00	4.91299E-03	45/135;56/226	GCAAC;GGAAUC	45;;;;/56;;;;;	135;;;;/226;;;;;	
ARICH	1.0	AACY020003459.1/1250-1165	0-86	1.71838E+01	1.00000E+00	5.76353E-01	45/135;57/227	GCAAC;G.AAUC	45;;;;/57;-;58;;;	135;;;;/227;-;228;;;	
ARICH	1.0	AACY020008706.1/1054-1141	0-88	1.69426E+01	1.00000E+00	6.36741E-03	43/135;54/225	GCAAC;GGAAAC	43;;;;/54;;;;;	135;;;;/225;;228;;;	
ARICH	1.0	AACY020008706.1/1054-1141	0-88	1.67279E+01	1.00000E+00	5.31490E-01	43/135;55/226	GCAAC;G.AAAC	43;;;;/55;-;56;;;	135;;;;/226;-;228;;;	
ARICH	1.0	AACY020008706.1/1054-1141	0-88	6.61925E+00	1.00000E+00	5.23574E-02	26/45;14/18	GUAAU;AGAGAC	26;;;;/14;;;;;	45;;;114;/18;;24;;;	
ARICH	1.0	AACY020008706.1/1054-1141	0-88	5.93536E+00	1.00000E+00	5.23574E-02	26/45;15/19	GUAAU;G.AGAC	26;;;;/15;-;16;;;	45;;;114;/19;-;24;;;	
ARICH	1.0	AACY020008706.1/1054-1141	0-88	5.85130E+00	1.00000E+00	4.91299E-03	55/226;43/135	GAAAC;GCAACC	55;;;;/43;;;;;	226;228;;;/135;;;;;	
ARICH	1.0	AACY020009541.1/206-284	0-79	1.68974E+01	1.00000E+00	4.99326E-03	42/135;53/226	GCAAC;GGAAUC	42;;;;/53;;;;;	135;;;;/226;;;;;	
ARICH	1.0	AACY020009541.1/206-284	0-79	1.67644E+01	1.00000E+00	5.76353E-01	42/135;54/227	GCAAC;G.AAUC	42;;;;/54;-;55;;;	135;;;;/227;-;228;;;	
ARICH	1.0	AACY020012766.1/1097-1183	0-87	1.67928E+01	1.00000E+00	8.94897E-03	42/135;53/225	GCAAC;GGAAAC	42;;;;/53;;;;;	135;;;;/225;;228;;;	
ARICH	1.0	AACY020012766.1/1097-1183	0-87	1.64426E+01	1.00000E+00	7.46974E-01	42/135;54/226	GCAAC;G.AAAC	42;;;;/54;-;55;;;	135;;;;/226;-;228;;;	
ARICH	1.0	AACY020012766.1/1097-1183	0-87	5.54949E+00	1.00000E+00	6.90488E-03	54/226;42/135	GAAAC;GCAACC	54;;;;/42;;;;;	226;228;;;/135;;;;;	
ARICH	1.0	AACY020013924.1/2664-2752	0-89	1.69272E+01	1.00000E+00	9.54833E-03	44/135;55/225	GCAAC;GGAAAC	44;;;;/55;;;;;	135;;;;/225;;228;;;	
ARICH	1.0	AACY020013924.1/2664-2752	0-89	1.66223E+01	1.00000E+00	7.84190E-01	44/135;56/226	GCAAC;G.AAAC	44;;;;/56;-;57;;;	135;;;;/226;-;228;;;	
ARICH	1.0	AACY020013924.1/2664-2752	0-89	5.69482E+00	1.00000E+00	7.36733E-03	56/226;44/135	GAAAC;GCAACC	56;;;;/44;;;;;	226;228;;;/135;;;;;	
ARICH	1.0	AACY020014464.1/1324-1425	0-102	1.79367E+01	1.00000E+00	1.63201E-03	65/135;76/226	GCAAC;GGAAAC	65;;;;/76;;;;;	135;;;;/226;;;;;	
ARICH	1.0	AACY020014464.1/1324-1425	0-102	1.78876E+01	1.00000E+00	1.25621E-01	65/135;77/227	GCAAC;G.AAAC	65;;;;/77;-;78;;;	135;;;;/227;-;228;;;	
ARICH	1.0	AACY020014464.1/1324-1425	0-102	7.29432E+00	1.00000E+00	1.18019E-03	77/227;65/135	GAAAC;GCAACC	77;;;;/65;;;;;	227;;;;/135;;;;;	
ARICH	1.0	AACY020014500.1/1097-1019	0-79	1.69738E+01	1.00000E+00	3.90627E-01	42/135;54/227	GCAAC;G.AAUC	42;;;;/54;-;55;;;	135;;;;/227;-;228;;;	
ARICH	1.0	AACY020014500.1/1097-1019	0-79	1.69624E+01	1.00000E+00	3.32981E-03	42/135;53/226	GCAAC;GGAAUC	42;;;;/53;;;;;	135;;;;/226;;;;;	
ARICH	1.0	AACY020016219.1/134-47	0-88	1.68607E+01	1.00000E+00	9.86290E-03	43/135;54/225	GCAAC;GGAAAC	43;;;;/54;;;;;	135;;;;/225;;228;;;	
ARICH	1.0	AACY020016219.1/134-47	0-88	1.64941E+01	1.00000E+00	8.23260E-01	43/135;55/226	GCAAC;G.AAAC	43;;;;/55;-;56;;;	135;;;;/226;-;228;;;	
ARICH	1.0	AACY020016219.1/134-47	0-88	5.83984E+00	1.00000E+00	7.61005E-03	55/226;43/135	GAAAC;GCAACC	55;;;;/43;;;;;	226;228;;;/135;;;;;	
ARICH	1.0	AACY020016489.1/574-661	0-88	1.71604E+01	1.00000E+00	8.80511E-03	43/135;54/225	GCAAC;GGAAAC	43;;;;/54;;;;;	135;;;;/225;;228;;;	
ARICH	1.0	AACY020016489.1/574-661	0-88	1.68718E+01	1.00000E+00	7.34966E-01	43/135;55/226	GCAAC;G.AAAC	43;;;;/55;-;56;;;	135;;;;/226;-;228;;;	
ARICH	1.0	AACY020016489.1/574-661	0-88	6.49723E+00	1.00000E+00	2.61121E-03	26/45;14/18	GUAAU;AGAGAC	26;;;;/14;;;;;	45;;;114;/18;;24;;;	
ARICH	1.0	AACY020016489.1/574-661	0-88	6.06552E+00	1.00000E+00	6.79387E-03	55/226;43/135	GAAAC;GCAACC	55;;;;/43;;;;;	226;228;;;/135;;;;;	
ARICH	1.0	AACY020016489.1/574-661	0-88	5.85640E+00	1.00000E+00	2.65387E-03	26/45;15/19	GUAAU;G.AGAC	26;;;;/15;-;16;;;	45;;;114;/19;-;24;;;	
ARICH	1.0	AACY020019327.1/619-532	0-88	1.69819E+01	1.00000E+00	9.54833E-03	43/135;54/225	GCAAC;GGAAAC	43;;;;/54;;;;;	135;;;;/225;;228;;;	
ARICH	1.0	AACY020019327.1/619-532	0-88	1.66153E+01	1.00000E+00	7.97003E-01	43/135;55/226	GCAAC;G.AAAC	43;;;;/55;-;56;;;	135;;;;/226;-;228;;;	
ARICH	1.0	AACY020019327.1/619-532	0-88	5.67151E+00	1.00000E+00	7.36733E-03	55/226;43/135	GAAAC;GCAACC	55;;;;/43;;;;;	226;228;;;/135;;;;;	
ARICH	1.0	AACY020026264.1/1349-1263	0-87	1.73267E+01	1.00000E+00	4.75629E-03	45/135;56/226	GCAAC;GGAAUC	45;;;;/56;;;;;	135;;;;/226;;;;;	
ARICH	1.0	AACY020026264.1/1349-1263	0-87	1.71286E+01	1.00000E+00	5.57970E-01	45/135;57/227	GCAAC;G.AAUC	45;;;;/57;-;58;;;	135;;;;/227;-;228;;;	
ARICH	1.0	AACY020026580.1/597-681	0-85	1.73067E+01	1.00000E+00	7.12379E-02	43/135;53/226	GCAAC;GGAAAC	43;;;;/53;;;;;	135;;;;/226;;;;;	
ARICH	1.0	AACY020026580.1/597-681	0-85	1.71421E+01	1.00000E+00	5.86474E-02	43/135;54/227	GCAAC;G.AAAC	43;;;;/54;-;55;;;	135;;;;/227;-;228;;;	
ARICH	1.0	AACY020029308.1/2432-2349	0-84	1.69602E+01	1.00000E+00	4.67983E-03	42/135;53/226	GCAAC;GGAAUC	42;;;;/53;;;;;	135;;;;/226;;;;;	
ARICH	1.0	AACY020029308.1/2432-2349	0-84	1.67387E+01	1.00000E+00	5.49000E-01	42/135;54/227	GCAAC;G.AAUC	42;;;;/54;-;55;;;	135;;;;/227;-;228;;;	
ARICH	1.0	AACY020032900.1/1354-1269	0-86	1.74619E+01	1.00000E+00	3.22361E-03	44/135;55/226	GCAAC;GGAAAC	44;;;;/55;;;;;	135;;;;/226;;;;;	
ARICH	1.0	AACY020032900.1/1354-1269	0-86	1.72804E+01	1.00000E+00	2.44143E-01	44/135;56/227	GCAAC;G.AAAC	44;;;;/56;-;57;;;	135;;;;/227;-;228;;;	
ARICH	1.0	AACY020032900.1/1354-1269	0-86	6.51502E+00	1.00000E+00	2.36924E-03	56/227;44/135	GAAAC;GCAACC	56;;;;/44;;;;;	227;;;;/135;;;;;	
ARICH	1.0	AACY020033023.1/1149-1237	0-89	1.75008E+01	1.00000E+00	9.86290E-03	44/135;55/225	GCAAC;GGAAAC	44;;;;/55;;;;;	135;;;;/225;;228;;;	
ARICH	1.0	AACY020033023.1/1149-1237	0-89	1.74715E+01	1.00000E+00	8.10025E-01	44/135;56/226	GCAAC;G.AAAC	44;;;;/56;-;57;;;	135;;;;/226;-;228;;;	
ARICH	1.0	AACY020033023.1/1149-1237	0-89	6.54409E+00	1.00000E+00	7.61005E-03	56/226;44/135	GAAAC;GCAACC	56;;;;/44;;;;;	226;228;;;/135;;;;;	
ARICH	1.0	AACY020043394.1/1874-1793	0-82	1.69182E+01	1.00000E+00	4.91299E-03	40/135;51/226	GCAAC;GGAAUC	40;;;;/51;;;;;	135;;;;/226;;;;;	
ARICH	1.0	AACY020043394.1/1874-1793	0-82	1.68758E+01	1.00000E+00	5.76353E-01	40/135;52/227	GCAAC;G.AAUC	40;;;;/52;-;53;;;	135;;;;/227;-;228;;;	
ARICH	1.0	AACY020044917.1/1244-1328	0-85	1.78397E+01	1.00000E+00	2.22052E-03	40/135;51/226	GCAAC;GGAAAC	40;;;;/51;;;;;	135;;;;/226;;;;;	
ARICH	1.0	AACY020044917.1/1244-1328	0-85	1.77454E+01	1.00000E+00	1.16121E-03	40/135;52/227	GCAAC;G.AAAC	40;;;;/52;-;53;;;	135;;;;/227;-;228;;;	
ARICH	1.0	AACY020046835.1/1057-1138	0-82	1.69337E+01	1.00000E+00	4.60459E-03	40/135;51/226	GCAAC;GGAAUC	40;;;;/51;;;;;	135;;;;/226;;;;;	
ARICH	1.0	AACY020046835.1/1057-1138	0-82	1.68210E+01	1.00000E+00	5.40174E-01	40/135;52/227	GCAAC;G.AAUC	40;;;;/52;-;53;;;	135;;;;/227;-;228;;;	
ARICH	1.0	AACY020050072.1/510-425	0-86	1.72749E+01	1.00000E+00	1.70921E-01	45/135;56/226	GCAAC;GGAAUC	45;;;;/56;;;;;	135;;;;/226;;;;;	
ARICH	1.0	AACY020050072.1/510-425	0-86	1.70194E+01	1.00000E+00	1.01756E-01	45/135;57/227	GCAAC;G.AAUC	45;;;;/57;-;58;;;	135;;;;/227;-;228;;;	
ARICH	1.0	AACY020057114.1/159-244	0-86	1.71731E+01	1.00000E+00	1.82368E-01	45/135;56/226	GCAAC;GGAAUC	45;;;;/56;;;;;	135;;;;/226;;;;;	
ARICH	1.0	AACY020057114.1/159-244	0-86	1.69176E+01	1.00000E+00	1.08571E-01	45/135;57/227	GCAAC;G.AAUC	45;;;;/57;-;58;;;	135;;;;/227;-;228;;;	
ARICH	1.0	AACY020061871.1/1731-1640	0-92	1.26813E+01	1.00000E+00	1.03543E-02	42/135;59/226	GAAAG;UGAAAC	42;;;;/59;;;;;	135;;;;/226;;;;;	
ARICH	1.0	AACY020061871.1/1826-1732	0-95	1.14950E+01	1.00000E+00	4.11075E-03	47/135;60/226	GCAAG;CCAAUC	47;;;;/60;;;;;	135;;;;/226;;;;;	
ARICH	1.0	AACY020065472.1/2069-1981	0-89	1.69502E+01	1.00000E+00	8.38723E-03	44/135;55/225	GCAAC;GGAAAC	44;;;;/55;;;;;	135;;;;/225;;228;;;	
ARICH	1.0	AACY020065472.1/2069-1981	0-89	1.66452E+01	1.00000E+00	7.00086E-01	44/135;56/226	GCAAC;G.AAAC	44;;;;/56;-;57;;;	135;;;;/226;-;228;;;	
ARICH	1.0	AACY020065472.1/2069-1981	0-89	5.65365E+00	1.00000E+00	6.47145E-03	56/226;44/135	GAAAC;GCAACC	56;;;;/44;;;;;	226;228;;;/135;;;;;	
ARICH	1.0	AACY020065518.1/416-499	0-84	1.67239E+01	1.00000E+00	9.86290E-03	40/135;51/225	GCAAC;GGAAAC	40;;;;/51;;;;;	135;;;;/225;;228;;;	
ARICH	1.0	AACY020065518.1/416-499	0-84	1.66467E+01	1.00000E+00	8.23260E-01	40/135;52/226	GCAAC;G.AAAC	40;;;;/52;-;53;;;	135;;;;/226;-;228;;;	
ARICH	1.0	AACY020065518.1/416-499	0-84	5.63588E+00	1.00000E+00	7.61005E-03	52/226;40/135	GAAAC;GCAACC	52;;;;/40;;;;;	226;228;;;/135;;;;;	
ARICH	1.0	AACY020065790.1/974-1059	0-86	1.77143E+01	1.00000E+00	6.05795E-02	43/135;53/226	GCAAC;GGAAAC	43;;;;/53;;;;;	135;;;;/226;;;;;	
ARICH	1.0	AACY020065790.1/974-1059	0-86	1.74588E+01	1.00000E+00	4.98727E-02	43/135;54/227	GCAAC;G.AAAC	43;;;;/54;-;55;;;	135;;;;/227;-;228;;;	
ARICH	1.0	AACY020066322.1/1424-1338	0-87	1.69607E+01	1.00000E+00	9.54833E-03	41/135;53/226	GCAAC;G.AAAC	41;;;;/53;-;54;;;	135;;;;/226;-;228;;;	
ARICH	1.0	AACY020068469.1/1143-1060	0-84	1.71030E+01	1.00000E+00	1.57996E-03	39/135;50/225	GCAAC;GGAAAC	39;;;;/50;;;;;	135;;;;/225;;228;;;	
ARICH	1.0	AACY020068469.1/1143-1060	0-84	1.69555E+01	1.00000E+00	1.31880E-01	39/135;51/226	GCAAC;G.AAAC	39;;;;/51;-;52;;;	135;;;;/226;-;228;;;	
ARICH	1.0	AACY020068469.1/1143-1060	0-84	6.08212E+00	1.00000E+00	1.23899E-03	51/226;39/135	GAAAC;GCAACC	51;;;;/39;;;;;	226;228;;;/135;;;;;	
ARICH	1.0	AACY020069209.1/1-82	0-82	1.69274E+01	1.00000E+00	5.95341E-01	40/135;52/227	GCAAC;G.AAUC	40;;;;/52;-;53;;;	135;;;;/227;-;228;;;	
ARICH	1.0	AACY020069209.1/1-82	0-82	1.69027E+01	1.00000E+00	5.15776E-03	40/135;51/226	GCAAC;GGAAUC	40;;;;/51;;;;;	135;;;;/226;;;;;	
ARICH	1.0	AACY020069644.1/564-481	0-84	1.78227E+01	1.00000E+00	9.70434E-03	42/135;53/225	GCAAC;GGAAAC	42;;;;/53;;;;;	135;;;;/225;;228;;;	
ARICH	1.0	AACY020069644.1/564-481	0-84	1.76012E+01	1.00000E+00	7.97003E-01	42/135;54/226	GCAAC;G.AAAC	42;;;;/54;-;55;;;	135;;;;/226;-;228;;;	
ARICH	1.0	AACY020069644.1/564-481	0-84	6.72780E+00	1.00000E+00	7.48771E-03	54/226;42/135	GAAAC;GCAACC	54;;;;/42;;;;;	226;228;;;/135;;;;;	
ARICH	1.0	AACY020070171.1/2224-2305	0-82	1.73176E+01	1.00000E+00	4.99326E-03	40/135;51/226	GCAAC;GGAAUC	40;;;;/51;;;;;	135;;;;/226;;;;;	
ARICH	1.0	AACY020070171.1/2224-2305	0-82	1.72048E+01	1.00000E+00	5.85770E-01	40/135;52/227	GCAAC;G.AAUC	40;;;;/52;-;53;;;	135;;;;/227;-;228;;;	
ARICH	1.0	AACY020070749.1/1383-1299	0-85	1.82137E+01	1.00000E+00	7.61005E-03	43/135;54/226	GCAAC;GGAAAC	43;;;;/54;;;;;	135;;;;/226;;;;;	
ARICH	1.0	AACY020070749.1/1383-1299	0-85	1.78146E+01	1.00000E+00	5.95341E-01	43/135;55/227	GCAAC;G.AAAC	43;;;;/55;-;56;;;	135;;;;/227;-;228;;;	
ARICH	1.0	AACY020070749.1/1383-1299	0-85	7.11034E+00	1.00000E+00	5.50321E-03	55/227;43/135	GAAAC;GCAACC	55;;;;/43;;;;;	227;;;;/135;;;;;	
ARICH	1.0	AACY020074752.1/924-1005	0-82	1.71951E+01	1.00000E+00	4.45773E-03	40/135;51/226	GCAAC;GGAAUC	40;;;;/51;;;;;	135;;;;/226;;;;;	
ARICH	1.0	AACY020074752.1/924-1005	0-82	1.70823E+01	1.00000E+00	5.14539E-01	40/135;52/227	GCAAC;G.AAUC	40;;;;/52;-;53;;;	135;;;;/227;-;228;;;	
ARICH	1.0	AACY020075033.1/1230-1316	0-87	1.70550E+01	1.00000E+00	1.00240E-02	43/135;54/225	GCAAC;GGAAAC	43;;;;/54;;;;;	135;;;;/225;;228;;;	
ARICH	1.0	AACY020075033.1/1230-1316	0-87	1.68568E+01	1.00000E+00	8.36711E-01	43/135;55/226	GCAAC;G.AAAC	43;;;;/55;-;56;;;	135;;;;/226;-;228;;;	
ARICH	1.0	AACY020075033.1/1230-1316	0-87	5.83247E+00	1.00000E+00	7.73439E-03	55/226;43/135	GAAAC;GCAACC	55;;;;/43;;;;;	226;228;;;/135;;;;;	
ARICH	1.0	AACY020075133.1/809-724	0-86	1.72652E+01	1.00000E+00	1.06954E-02	43/135;53/225	GCAAC;GGAAAC	43;;;;/53;;;;;	135;;;;/225;;228;;;	
ARICH	1.0	AACY020075133.1/809-724	0-86	1.70838E+01	1.00000E+00	3.97010E-01	43/135;54/226	GCAAC;G.AAAC	43;;;;/54;-;55;;;	135;;;;/226;-;228;;;	
ARICH	1.0	AACY020075133.1/809-724	0-86	6.17398E+00	1.00000E+00	4.17290E-02	54/226;43/135	GAAAC;GCAACC	54;;;;/43;;;;;	226;228;;;/135;;;;;	
ARICH	1.0	AACY020079550.1/1667-1586	0-82	1.74465E+01	1.00000E+00	1.52590E-01	40/135;51/226	GCAAC;GGAAUC	40;;;;/51;;;;;	135;;;;/226;;;;;	
ARICH	1.0	AACY020079550.1/1667-1586	0-82	1.72597E+01	1.00000E+00	9.08427E-02	40/135;52/227	GCAAC;G.AAUC	40;;;;/52;-;53;;;	135;;;;/227;-;228;;;	
ARICH	1.0	AACY020080272.1/412-326	0-87	1.73324E+01	1.00000E+00	4.91299E-03	45/135;56/226	GCAAC;GGAAUC	45;;;;/56;;;;;	135;;;;/226;;;;;	
ARICH	1.0	AACY020080272.1/412-326	0-87	1.72047E+01	1.00000E+00	5.67087E-01	45/135;57/227	GCAAC;G.AAUC	45;;;;/57;-;58;;;	135;;;;/227;-;228;;;	
ARICH	1.0	AACY020086747.1/3994-4080	0-87	1.69502E+01	1.00000E+00	3.43126E-01	42/135;54/227	GCAAC;G.AAAC	42;;;;/54;-;55;;;	135;;;;/227;-;228;;;	
ARICH	1.0	AACY020088872.1/1621-1702	0-82	1.69557E+01	1.00000E+00	4.91299E-03	40/135;51/226	GCAAC;GGAAUC	40;;;;/51;;;;;	135;;;;/226;;;;;	
ARICH	1.0	AACY020088872.1/1621-1702	0-82	1.68429E+01	1.00000E+00	5.76353E-01	40/135;52/227	GCAAC;G.AAUC	40;;;;/52;-;53;;;	135;;;;/227;-;228;;;	
ARICH	1.0	AACY020090297.1/1444-1338	0-107	1.69647E+01	1.00000E+00	5.77739E-03	65/135;76/225	GCAAC;GGAAAC	65;;;;/76;;;;;	135;;;;/225;;228;;;	
ARICH	1.0	AACY020090297.1/1444-1338	0-107	1.69010E+01	1.00000E+00	4.82241E-01	65/135;77/226	GCAAC;G.AAAC	65;;;;/77;-;78;;;	135;;;;/226;-;228;;;	
ARICH	1.0	AACY020090297.1/1444-1338	0-107	6.17512E+00	1.00000E+00	4.45773E-03	77/226;65/135	GAAAC;GCAACC	77;;;;/65;;;;;	226;228;;;/135;;;;;	
ARICH	1.0	AACY020093474.1/1511-1425	0-87	1.74670E+01	1.00000E+00	1.43011E-01	45/135;56/226	GCAAC;GGAAUC	45;;;;/56;;;;;	135;;;;/226;;;;;	
ARICH	1.0	AACY020093474.1/1511-1425	0-87	1.73392E+01	1.00000E+00	8.51404E-02	45/135;57/227	GCAAC;G.AAUC	45;;;;/57;-;58;;;	135;;;;/227;-;228;;;	
ARICH	1.0	AACY020094500.1/677-765	0-89	1.71813E+01	1.00000E+00	4.99326E-03	45/135;56/226	GCAAC;GGAAUC	45;;;;/56;;;;;	135;;;;/226;;;;;	
ARICH	1.0	AACY020094500.1/677-765	0-89	1.71520E+01	1.00000E+00	5.76353E-01	45/135;57/227	GCAAC;G.AAUC	45;;;;/57;-;58;;;	135;;;;/227;-;228;;;	
ARICH	1.0	AACY020099869.1/1552-1634	0-83	1.69463E+01	1.00000E+00	1.00240E-02	42/135;53/225	GCAAC;GGAAAC	42;;;;/53;;;;;	135;;;;/225;;228;;;	
ARICH	1.0	AACY020099869.1/1552-1634	0-83	1.68865E+01	1.00000E+00	8.36711E-01	42/135;54/226	GCAAC;G.AAAC	42;;;;/54;-;55;;;	135;;;;/226;-;228;;;	
ARICH	1.0	AACY020099869.1/1552-1634	0-83	5.99583E+00	1.00000E+00	7.73439E-03	54/226;42/135	GAAAC;GCAACC	54;;;;/42;;;;;	226;228;;;/135;;;;;	
ARICH	1.0	AACY020101634.1/2059-1976	0-84	1.70885E+01	1.00000E+00	6.90488E-03	39/135;50/225	GCAAC;GGAAAC	39;;;;/50;;;;;	135;;;;/225;;228;;;	
ARICH	1.0	AACY020101634.1/2059-1976	0-84	1.68669E+01	1.00000E+00	5.76353E-01	39/135;51/226	GCAAC;G.AAAC	39;;;;/51;-;52;;;	135;;;;/226;-;228;;;	
ARICH	1.0	AACY020101634.1/2059-1976	0-84	5.99359E+00	1.00000E+00	5.32769E-03	51/226;39/135	GAAAC;GCAACC	51;;;;/39;;;;;	226;228;;;/135;;;;;	
ARICH	1.0	AACY020102205.1/716-634	0-83	1.68984E+01	1.00000E+00	1.01878E-02	42/135;53/225	GCAAC;GGAAAC	42;;;;/53;;;;;	135;;;;/225;;228;;;	
ARICH	1.0	AACY020102205.1/716-634	0-83	1.66942E+01	1.00000E+00	8.50382E-01	42/135;54/226	GCAAC;G.AAAC	42;;;;/54;-;55;;;	135;;;;/226;-;228;;;	
ARICH	1.0	AACY020102205.1/716-634	0-83	5.80354E+00	1.00000E+00	7.86076E-03	54/226;42/135	GAAAC;GCAACC	54;;;;/42;;;;;	226;228;;;/135;;;;;	
ARICH	1.0	AACY020103709.1/659-578	0-82	1.64879E+01	1.00000E+00	7.59179E-01	38/135;50/226	GCAAC;G.AAAC	38;;;;/50;-;51;;;	135;;;;/226;-;228;;;	
ARICH	1.0	AACY020103709.1/659-578	0-82	1.64632E+01	1.00000E+00	9.09519E-03	38/135;49/225	GCAAC;GGAAAC	38;;;;/49;;;;;	135;;;;/225;;228;;;	
ARICH	1.0	AACY020103709.1/659-578	0-82	5.37817E+00	1.00000E+00	7.01769E-03	50/226;38/135	GAAAC;GCAACC	50;;;;/38;;;;;	226;228;;;/135;;;;;	
ARICH	1.0	AACY020105108.1/1663-1746	0-84	1.66553E+01	1.00000E+00	9.39483E-03	39/135;50/225	GCAAC;GGAAAC	39;;;;/50;;;;;	135;;;;/225;;228;;;	
ARICH	1.0	AACY020105108.1/1663-1746	0-84	1.65078E+01	1.00000E+00	7.84190E-01	39/135;51/226	GCAAC;G.AAAC	39;;;;/51;-;52;;;	135;;;;/226;-;228;;;	
ARICH	1.0	AACY020105108.1/1663-1746	0-84	5.56404E+00	1.00000E+00	7.24889E-03	51/226;39/135	GAAAC;GCAACC	51;;;;/39;;;;;	226;228;;;/135;;;;;	
ARICH	1.0	AACY020108081.1/202-120	0-83	1.85850E+01	1.00000E+00	3.07063E-03	38/135;49/226	GCAAC;GGAAAC	38;;;;/49;;;;;	135;;;;/226;;;;;	
ARICH	1.0	AACY020108081.1/202-120	0-83	1.83027E+01	1.00000E+00	4.53057E-03	38/135;50/227	GCAAC;G.AAAC	38;;;;/50;-;51;;;	135;;;;/227;-;228;;;	
ARICH	1.0	AACY020108427.1/497-416	0-82	1.68977E+01	1.00000E+00	5.67087E-01	40/135;52/227	GCAAC;G.AAUC	40;;;;/52;-;53;;;	135;;;;/227;-;228;;;	
ARICH	1.0	AACY020108427.1/497-416	0-82	1.68730E+01	1.00000E+00	4.83400E-03	40/135;51/226	GCAAC;GGAAUC	40;;;;/51;;;;;	135;;;;/226;;;;;	
ARICH	1.0	AACY020109890.1/1201-1120	0-82	1.75299E+01	1.00000E+00	7.11524E-01	38/135;50/226	GCAAC;G.AAAC	38;;;;/50;-;51;;;	135;;;;/226;-;228;;;	
ARICH	1.0	AACY020109890.1/1201-1120	0-82	1.75052E+01	1.00000E+00	8.52427E-03	38/135;49/225	GCAAC;GGAAAC	38;;;;/49;;;;;	135;;;;/225;;228;;;	
ARICH	1.0	AACY020109890.1/1201-1120	0-82	6.48432E+00	1.00000E+00	6.57719E-03	50/226;38/135	GAAAC;GCAACC	50;;;;/38;;;;;	226;228;;;/135;;;;;	
ARICH	1.0	AACY020110609.1/1988-1905	0-84	7.32129E+00	1.00000E+00	1.25621E-01	37/135;50/226	GAAAG;CGAAGC	37;;;;/50;;;;;	135;;;;/226;;;;;	
ARICH	1.0	AACY020110609.1/2076-1992	0-85	1.51747E+01	1.00000E+00	5.95341E-01	42/135;55/226	GCAAG;CGAAAC	42;;;;/55;;;;;	135;;;;/226;;;;;	
ARICH	1.0	AACY020110609.1/2076-1992	0-85	1.14910E+01	1.00000E+00	1.52956E-03	42/135;56/227	GCAAG;G.AAAC	42;;;;/56;-;57;;;	135;;;;/227;-;228;;;	
ARICH	1.0	AACY020114910.1/247-330	0-84	1.61919E+01	1.00000E+00	7.00927E-02	43/135;55/226	GCAAC;G.AAAC	43;;;;/55;-;56;;;	135;;;;/226;-;228;;;	
ARICH	1.0	AACY020116763.1/487-406	0-82	1.66645E+01	1.00000E+00	8.66355E-03	38/135;49/225	GCAAC;GGAAAC	38;;;;/49;;;;;	135;;;;/225;;228;;;	
ARICH	1.0	AACY020116763.1/487-406	0-82	1.66222E+01	1.00000E+00	7.23150E-01	38/135;50/226	GCAAC;G.AAAC	38;;;;/50;-;51;;;	135;;;;/226;-;228;;;	
ARICH	1.0	AACY020116763.1/487-406	0-82	5.51240E+00	1.00000E+00	6.68465E-03	50/226;38/135	GAAAC;GCAACC	50;;;;/38;;;;;	226;228;;;/135;;;;;	
ARICH	1.0	AACY020118338.1/621-537	0-85	1.75822E+01	1.00000E+00	4.23599E-01	40/135;52/226	GCAAC;G.AAAC	40;;;;/52;-;53;;;	135;;;;/226;-;228;;;	
ARICH	1.0	AACY020121160.1/3-89	0-87	1.78186E+01	1.00000E+00	2.73801E-02	41/135;53/226	GCAAC;G.AAAC	41;;;;/53;-;54;;;	135;;;;/226;-;228;;;	
ARICH	1.0	AACY020121180.1/3013-2932	0-82	1.68589E+01	1.00000E+00	7.00086E-01	38/135;50/226	GCAAC;G.AAAC	38;;;;/50;-;51;;;	135;;;;/226;-;228;;;	
ARICH	1.0	AACY020121180.1/3013-2932	0-82	1.68341E+01	1.00000E+00	8.38723E-03	38/135;49/225	GCAAC;GGAAAC	38;;;;/49;;;;;	135;;;;/225;;228;;;	
ARICH	1.0	AACY020121180.1/3013-2932	0-82	1.37645E+01	1.00000E+00	2.61121E-03	6/6;49/225	GUAAC;GGAAAC	6;;;;/49;;;;;	6;;;10;12/225;;228;;;	
ARICH	1.0	AACY020121180.1/3013-2932	0-82	5.68773E+00	1.00000E+00	6.47145E-03	50/226;38/135	GAAAC;GCAACC	50;;;;/38;;;;;	226;228;;;/135;;;;;	
ARICH	1.0	AACY020122215.1/1609-1523	0-87	1.12766E+01	1.00000E+00	2.87788E-03	38/135;54/227	GUAAG;C.AAUC	38;;;;/54;-;55;;;	135;;;;/227;-;228;;;	
ARICH	1.0	AACY020122215.1/1609-1523	0-87	8.19680E+00	1.00000E+00	1.01878E-02	38/135;53/226	GUAAG;UCAAUC	38;;;;/53;;;;;	135;;;;/226;;;;;	
ARICH	1.0	AACY020123591.1/88-2	0-87	1.76285E+01	1.00000E+00	4.17792E-03	45/135;56/226	GCAAC;GGAAUC	45;;;;/56;;;;;	135;;;;/226;;;;;	
ARICH	1.0	AACY020123591.1/88-2	0-87	1.73563E+01	1.00000E+00	4.90120E-01	45/135;57/227	GCAAC;G.AAUC	45;;;;/57;-;58;;;	135;;;;/227;-;228;;;	
ARICH	1.0	AACY020126423.1/1115-1020	0-96	9.16665E+00	1.00000E+00	1.15982E-02	44/135;63/227	GAAAA;C.AAUC	44;;;;/63;-;64;;;	135;;;;/227;-;228;;;	
ARICH	1.0	AACY020126423.1/1115-1020	0-96	8.04735E+00	1.00000E+00	7.01769E-03	44/135;53/170	GAAAA;A.AAUC	44;;;;/53;-;54;;;	135;;;;/170;-;171;;;221	
ARICH	1.0	AACY020126423.1/1115-1020	0-96	5.90350E+00	1.00000E+00	1.34195E-02	44/135;62/226	GAAAA;CCAAUC	44;;;;/62;;;;;	135;;;;/226;;;;;	
ARICH	1.0	AACY020126423.1/1219-1117	0-103	1.64654E+01	1.00000E+00	7.98920E-03	57/135;70/227	GCAAC;G.AAAC	57;;;;/70;-;71;;;	135;;;;/227;-;228;;;	
ARICH	1.0	AACY020126423.1/1219-1117	0-103	1.62748E+01	1.00000E+00	5.32129E-02	57/135;69/226	GCAAC;GGAAAC	57;;;;/69;;;;;	135;;;;/226;;;;;	
ARICH	1.0	AACY020130137.1/1476-1565	0-90	9.98287E+00	1.00000E+00	1.17735E-01	45/135;57/227	GUAAC;G.AACC	45;;;;/57;-;58;;;	135;;;;/227;-;228;;;	
ARICH	1.0	AACY020130167.1/1776-1691	0-86	1.72652E+01	1.00000E+00	8.94897E-03	41/135;52/225	GCAAC;GGAAAC	41;;;;/52;;;;;	135;;;;/225;;228;;;	
ARICH	1.0	AACY020130167.1/1776-1691	0-86	1.70838E+01	1.00000E+00	7.46974E-01	41/135;53/226	GCAAC;G.AAAC	41;;;;/53;-;54;;;	135;;;;/226;-;228;;;	
ARICH	1.0	AACY020130167.1/1776-1691	0-86	6.17398E+00	1.00000E+00	6.90488E-03	53/226;41/135	GAAAC;GCAACC	53;;;;/41;;;;;	226;228;;;/135;;;;;	
ARICH	1.0	AACY020138919.1/2561-2642	0-82	1.68770E+01	1.00000E+00	7.97961E-02	40/135;52/227	GCAAC;G.AAUC	40;;;;/52;-;53;;;	135;;;;/227;-;228;;;	
ARICH	1.0	AACY020141280.1/213-298	0-86	1.75518E+01	1.00000E+00	1.08702E-02	43/135;53/225	GCAAC;GGAAAC	43;;;;/53;;;;;	135;;;;/225;;228;;;	
ARICH	1.0	AACY020141280.1/213-298	0-86	1.74407E+01	1.00000E+00	4.03496E-01	43/135;54/226	GCAAC;G.AAAC	43;;;;/54;-;55;;;	135;;;;/226;-;228;;;	
ARICH	1.0	AACY020141280.1/213-298	0-86	6.53088E+00	1.00000E+00	4.24108E-02	54/226;43/135	GAAAC;GCAACC	54;;;;/43;;;;;	226;228;;;/135;;;;;	
ARICH	1.0	AACY020142643.1/1117-1200	0-84	1.79065E+01	1.00000E+00	9.24379E-03	43/135;54/225	GCAAC;GGAAAC	43;;;;/54;;;;;	135;;;;/225;;228;;;	
ARICH	1.0	AACY020142643.1/1117-1200	0-84	1.76070E+01	1.00000E+00	7.71583E-01	43/135;55/226	GCAAC;G.AAAC	43;;;;/55;-;56;;;	135;;;;/226;-;228;;;	
ARICH	1.0	AACY020142643.1/1117-1200	0-84	6.59613E+00	1.00000E+00	7.13236E-03	55/226;43/135	GAAAC;GCAACC	55;;;;/43;;;;;	226;228;;;/135;;;;;	
ARICH	1.0	AACY020145756.1/209-124	0-86	1.76984E+01	1.00000E+00	9.24379E-03	43/135;54/225	GCAAC;GGAAAC	43;;;;/54;;;;;	135;;;;/225;;228;;;	
ARICH	1.0	AACY020145756.1/209-124	0-86	1.75169E+01	1.00000E+00	7.71583E-01	43/135;55/226	GCAAC;G.AAAC	43;;;;/55;-;56;;;	135;;;;/226;-;228;;;	
ARICH	1.0	AACY020145756.1/209-124	0-86	6.75154E+00	1.00000E+00	7.13236E-03	55/226;43/135	GAAAC;GCAACC	55;;;;/43;;;;;	226;228;;;/135;;;;;	
ARICH	1.0	AACY020146651.1/1277-1190	0-88	1.80633E+01	1.00000E+00	2.25680E-03	42/135;53/225	GCAAC;GGAAAC	42;;;;/53;;;;;	135;;;;/225;;228;;;	
ARICH	1.0	AACY020146651.1/1277-1190	0-88	1.78486E+01	1.00000E+00	1.88376E-01	42/135;54/226	GCAAC;G.AAAC	42;;;;/54;-;55;;;	135;;;;/226;-;228;;;	
ARICH	1.0	AACY020146651.1/1277-1190	0-88	7.11638E+00	1.00000E+00	1.74131E-03	54/226;42/135	GAAAC;GCAACC	54;;;;/42;;;;;	226;228;;;/135;;;;;	
ARICH	1.0	AACY020149943.1/955-1036	0-82	1.70193E+01	1.00000E+00	4.91299E-03	40/135;51/226	GCAAC;GGAAUC	40;;;;/51;;;;;	135;;;;/226;;;;;	
ARICH	1.0	AACY020149943.1/955-1036	0-82	1.69066E+01	1.00000E+00	5.76353E-01	40/135;52/227	GCAAC;G.AAUC	40;;;;/52;-;53;;;	135;;;;/227;-;228;;;	
ARICH	1.0	AACY020150552.1/1120-1039	0-82	1.69182E+01	1.00000E+00	4.83400E-03	40/135;51/226	GCAAC;GGAAUC	40;;;;/51;;;;;	135;;;;/226;;;;;	
ARICH	1.0	AACY020150552.1/1120-1039	0-82	1.68758E+01	1.00000E+00	5.57970E-01	40/135;52/227	GCAAC;G.AAUC	40;;;;/52;-;53;;;	135;;;;/227;-;228;;;	
ARICH	1.0	AACY020150552.1/1120-1039	0-82	9.41751E+00	1.00000E+00	6.67663E-02	75/287;1/6	GUAAC;G.ACAC	75;;;;/1;-;2;;;	287;;;;/6;-;7;;10;12	
ARICH	1.0	AACY020154325.1/1276-1191	0-86	1.77629E+01	1.00000E+00	4.24618E-03	41/135;52/225	GCAAC;GGAAAC	41;;;;/52;;;;;	135;;;;/225;;228;;;	
ARICH	1.0	AACY020154325.1/1276-1191	0-86	1.76518E+01	1.00000E+00	3.54430E-01	41/135;53/226	GCAAC;G.AAAC	41;;;;/53;-;54;;;	135;;;;/226;-;228;;;	
ARICH	1.0	AACY020154325.1/1276-1191	0-86	6.81244E+00	1.00000E+00	3.27628E-03	53/226;41/135	GAAAC;GCAACC	53;;;;/41;;;;;	226;228;;;/135;;;;;	
ARICH	1.0	AACY020158298.1/1366-1456	0-91	1.72311E+01	1.00000E+00	1.88376E-01	45/135;57/227	GCAAC;G.AAUC	45;;;;/57;-;58;;;	135;;;;/227;-;228;;;	
ARICH	1.0	AACY020159709.1/337-418	0-82	1.70071E+01	1.00000E+00	9.39483E-03	41/135;52/225	GCAAC;GGAAAC	41;;;;/52;;;;;	135;;;;/225;;228;;;	
ARICH	1.0	AACY020159709.1/337-418	0-82	1.68943E+01	1.00000E+00	7.84190E-01	41/135;53/226	GCAAC;G.AAAC	41;;;;/53;-;54;;;	135;;;;/226;-;228;;;	
ARICH	1.0	AACY020159709.1/337-418	0-82	5.91582E+00	1.00000E+00	7.24889E-03	53/226;41/135	GAAAC;GCAACC	53;;;;/41;;;;;	226;228;;;/135;;;;;	
ARICH	1.0	AACY020167623.1/23-123	0-101	1.06411E+01	1.00000E+00	2.78609E-03	49/135;67/227	GAAAC;G.AAGC	49;;;;/67;-;68;;;	135;;;;/227;-;228;;;	
ARICH	1.0	AACY020167623.1/23-123	0-101	1.01670E+01	1.00000E+00	7.84190E-01	49/135;66/226	GAAAC;GGAAGC	49;;;;/66;;;;;	135;;;;/226;;;;;	
ARICH	1.0	AACY020167623.1/23-123	0-101	6.37470E+00	1.00000E+00	2.78609E-03	67/227;49/135	GAAGC;G.AAAC	67;;;;/49;-;50;;;	227;;;;/135;-;136;;;	
ARICH	1.0	AACY020170776.1/706-611	0-96	1.04698E+01	1.00000E+00	1.00361E-03	44/135;62/227	GAAAC;G.AAGC	44;;;;/62;-;63;;;	135;;;;/227;-;228;;;	
ARICH	1.0	AACY020170776.1/706-611	0-96	1.00026E+01	1.00000E+00	2.73472E-01	44/135;61/226	GAAAC;GGAAGC	44;;;;/61;;;;;	135;;;;/226;;;;;	
ARICH	1.0	AACY020170776.1/706-611	0-96	6.20337E+00	1.00000E+00	1.00361E-03	62/227;44/135	GAAGC;G.AAAC	62;;;;/44;-;45;;;	227;;;;/135;-;136;;;	
ARICH	1.0	AACY020170776.1/805-707	0-99	1.24271E+01	1.00000E+00	2.87442E-02	54/135;66/226	GCAAC;G.AACC	54;;;;/66;-;67;;;	135;;;;/226;-;228;;;	
ARICH	1.0	CP000686.1/1863685-1863583	0-103	1.50855E+01	1.00000E+00	9.53687E-02	43/134;69/225	GCAAG;CGAAUC	43;;;;/69;;;;;	134;;;;/225;;;;;	
ARICH	1.0	CP000686.1/1863685-1863583	0-103	8.52062E+00	1.00000E+00	1.60577E-03	17/25;70/226	GAACC;G.AAUC	17;;;;/70;-;71;;;	25;;;29;/226;-;227;;;	
